<?xml version="1.0" encoding="UTF-8"?>
<!-- Generated by org.testng.reporters.JUnitReportReporter -->
<testsuite hostname="Pradeep" failures="0" tests="1" name="org.restassuredtestng.VelsTestng" time="6.504" errors="0" timestamp="2022-05-13T16:33:09 IST" skipped="0">
  <testcase classname="org.restassuredtestng.VelsTestng" name="login" time="6.504"/>
  <system-out/>
</testsuite> <!-- org.restassuredtestng.VelsTestng -->
