<?xml version="1.0" encoding="UTF-8"?>
<!-- Generated by org.testng.reporters.JUnitReportReporter -->
<testsuite hostname="Pradeep" failures="0" tests="5" name="org.ratestngwithserializationanddeserialization.Main_Vels_Pojo" time="15.787" errors="0" timestamp="2022-05-14T19:18:13 IST" skipped="0">
  <testcase classname="org.ratestngwithserializationanddeserialization.Main_Vels_Pojo" name="LoginV" time="8.605"/>
  <system-out/>
  <testcase classname="org.ratestngwithserializationanddeserialization.Main_Vels_Pojo" name="CreateAddress" time="1.875"/>
  <system-out/>
  <testcase classname="org.ratestngwithserializationanddeserialization.Main_Vels_Pojo" name="UpdateAddress" time="1.630"/>
  <system-out/>
  <testcase classname="org.ratestngwithserializationanddeserialization.Main_Vels_Pojo" name="GetAddress" time="1.965"/>
  <system-out/>
  <testcase classname="org.ratestngwithserializationanddeserialization.Main_Vels_Pojo" name="DeleteAddress" time="1.712"/>
  <system-out/>
</testsuite> <!-- org.ratestngwithserializationanddeserialization.Main_Vels_Pojo -->
