<?xml version="1.0" encoding="UTF-8"?>
<!-- Generated by org.testng.reporters.JUnitReportReporter -->
<testsuite hostname="Pradeep" failures="0" tests="5" name="org.restassuredvels.LoginVels" time="7.355" errors="0" timestamp="2022-05-13T21:10:31 IST" skipped="0">
  <testcase classname="org.restassuredvels.LoginVels" name="LoginV" time="3.880"/>
  <system-out/>
  <testcase classname="org.restassuredvels.LoginVels" name="CreateAddress" time="0.756"/>
  <system-out/>
  <testcase classname="org.restassuredvels.LoginVels" name="UpdateAddress" time="1.018"/>
  <system-out/>
  <testcase classname="org.restassuredvels.LoginVels" name="GetAddress" time="0.802"/>
  <system-out/>
  <testcase classname="org.restassuredvels.LoginVels" name="DeleteAddress" time="0.899"/>
  <system-out/>
</testsuite> <!-- org.restassuredvels.LoginVels -->
